0 info it worked if it ends with ok
1 verbose cli [ '/usr/local/bin/node', '/usr/local/bin/npm', 'install' ]
2 info using npm@2.5.1
3 info using node@v0.12.0
4 verbose install where, deps [ '/Users/d/workspace/jsball',
4 verbose install   [ 'generic-quadtree',
4 verbose install     'socket.io',
4 verbose install     'grunt-contrib-concat',
4 verbose install     'grunt-contrib-jshint',
4 verbose install     'grunt-contrib-qunit',
4 verbose install     'grunt-contrib-uglify',
4 verbose install     'grunt-contrib-watch' ] ]
5 verbose install where, peers [ '/Users/d/workspace/jsball', [] ]
6 info preinstall jsball@0.0.1
7 verbose already installed skipping grunt-contrib-uglify@^0.8.0 /Users/d/workspace/jsball
8 verbose already installed skipping grunt-contrib-watch@^0.6.1 /Users/d/workspace/jsball
9 verbose already installed skipping generic-quadtree@^1.2.2 /Users/d/workspace/jsball
10 verbose already installed skipping socket.io@^1.3.5 /Users/d/workspace/jsball
11 verbose already installed skipping grunt-contrib-concat@^0.5.1 /Users/d/workspace/jsball
12 verbose already installed skipping grunt-contrib-jshint@^0.11.1 /Users/d/workspace/jsball
13 verbose already installed skipping grunt-contrib-qunit@^0.5.2 /Users/d/workspace/jsball
14 silly install resolved []
15 info build /Users/d/workspace/jsball
16 verbose linkStuff [ false, false, false, '/Users/d/workspace' ]
17 info linkStuff jsball@0.0.1
18 verbose linkBins jsball@0.0.1
19 verbose linkMans jsball@0.0.1
20 verbose rebuildBundles jsball@0.0.1
21 verbose rebuildBundles [ '.bin',
21 verbose rebuildBundles   'generic-quadtree',
21 verbose rebuildBundles   'grunt',
21 verbose rebuildBundles   'grunt-cli',
21 verbose rebuildBundles   'grunt-contrib-concat',
21 verbose rebuildBundles   'grunt-contrib-jshint',
21 verbose rebuildBundles   'grunt-contrib-qunit',
21 verbose rebuildBundles   'grunt-contrib-uglify',
21 verbose rebuildBundles   'grunt-contrib-watch',
21 verbose rebuildBundles   'socket.io' ]
22 verbose rebuild bundle /Users/d/workspace/jsball/node_modules/grunt
23 info build /Users/d/workspace/jsball/node_modules/grunt
24 info preinstall grunt@0.4.5
25 verbose linkStuff [ false, false, false, '/Users/d/workspace/jsball/node_modules' ]
26 info linkStuff grunt@0.4.5
27 verbose linkBins grunt@0.4.5
28 verbose linkMans grunt@0.4.5
29 verbose rebuildBundles grunt@0.4.5
30 verbose rebuildBundles [ '.bin',
30 verbose rebuildBundles   'async',
30 verbose rebuildBundles   'coffee-script',
30 verbose rebuildBundles   'colors',
30 verbose rebuildBundles   'dateformat',
30 verbose rebuildBundles   'eventemitter2',
30 verbose rebuildBundles   'exit',
30 verbose rebuildBundles   'findup-sync',
30 verbose rebuildBundles   'getobject',
30 verbose rebuildBundles   'glob',
30 verbose rebuildBundles   'grunt-legacy-log',
30 verbose rebuildBundles   'grunt-legacy-util',
30 verbose rebuildBundles   'hooker',
30 verbose rebuildBundles   'iconv-lite',
30 verbose rebuildBundles   'js-yaml',
30 verbose rebuildBundles   'lodash',
30 verbose rebuildBundles   'minimatch',
30 verbose rebuildBundles   'nopt',
30 verbose rebuildBundles   'rimraf',
30 verbose rebuildBundles   'underscore.string',
30 verbose rebuildBundles   'which' ]
31 info install grunt@0.4.5
32 info postinstall grunt@0.4.5
33 verbose rebuild bundle /Users/d/workspace/jsball/node_modules/grunt-cli
34 info build /Users/d/workspace/jsball/node_modules/grunt-cli
35 info preinstall grunt-cli@0.1.13
36 verbose linkStuff [ false, false, false, '/Users/d/workspace/jsball/node_modules' ]
37 info linkStuff grunt-cli@0.1.13
38 warn prefer global grunt-cli@0.1.13 should be installed with -g
39 verbose linkBins grunt-cli@0.1.13
40 verbose link bins [ { grunt: 'bin/grunt' },
40 verbose link bins   '/Users/d/workspace/jsball/node_modules/.bin',
40 verbose link bins   false ]
41 verbose linkMans grunt-cli@0.1.13
42 verbose rebuildBundles grunt-cli@0.1.13
43 verbose rebuildBundles [ '.bin', 'findup-sync', 'nopt', 'resolve' ]
44 verbose gentlyRm vacuuming /Users/d/workspace/jsball/node_modules/.bin/grunt
45 silly gentlyRm purging /Users/d/workspace/jsball/node_modules/.bin/grunt
46 verbose stack Error: EACCES, unlink '/Users/d/workspace/jsball/node_modules/.bin/grunt'
46 verbose stack     at Error (native)
47 verbose cwd /Users/d/workspace/jsball
48 error Darwin 14.1.0
49 error argv "/usr/local/bin/node" "/usr/local/bin/npm" "install"
50 error node v0.12.0
51 error npm  v2.5.1
52 error path /Users/d/workspace/jsball/node_modules/.bin/grunt
53 error code EACCES
54 error errno -13
55 error Error: EACCES, unlink '/Users/d/workspace/jsball/node_modules/.bin/grunt'
55 error     at Error (native)
55 error  { [Error: EACCES, unlink '/Users/d/workspace/jsball/node_modules/.bin/grunt']
55 error   errno: -13,
55 error   code: 'EACCES',
55 error   path: '/Users/d/workspace/jsball/node_modules/.bin/grunt' }
56 error Please try running this command again as root/Administrator.
57 verbose exit [ -13, true ]
